<?xml version="1.0" encoding="UTF-8"?>
<!-- Generated by org.testng.reporters.JUnitXMLReporter -->
<testsuite ignored="0" hostname="Ayobamis-MacBook-Pro.local" failures="0" tests="8" name="Test" time="54.853" errors="0" timestamp="22 Apr 2021 18:02:28 GMT">
  <testcase classname="org.spaces.login" name="loginTest" time="8.539"/>
  <testcase classname="org.spaces.dashboard" name="dashboardTest" time="7.291"/>
  <testcase classname="org.spaces.agentManagement" name="agentManagementTest" time="6.411"/>
  <testcase classname="org.spaces.users" name="usersTest" time="6.476"/>
  <testcase classname="org.spaces.realms" name="realmsTest" time="7.072"/>
  <testcase classname="org.spaces.adminUsers" name="adminUsersTest" time="7.075"/>
  <testcase classname="org.spaces.generateOtp" name="generateOtpTest" time="6.12"/>
  <testcase classname="org.spaces.trivia" name="triviaTest" time="5.85"/>
</testsuite> <!-- Test -->
